<?xml version="1.0" encoding="UTF-8"?>
<!-- Generated by org.testng.reporters.JUnitReportReporter -->
<testsuite hostname="VarnaK" failures="0" tests="1" name="runner.TestRunner" time="23.812" errors="0" timestamp="2025-03-21T19:11:12 GMT" skipped="0">
  <testcase classname="runner.TestRunner" name="runScenario" time="23.812"/>
</testsuite> <!-- runner.TestRunner -->
